INFO:fbprophet:Disabling yearly seasonality. Run prophet with yearly_seasonality=True to override this.
INFO:fbprophet:Disabling weekly seasonality. Run prophet with weekly_seasonality=True to override this.
INFO:fbprophet:Disabling daily seasonality. Run prophet with daily_seasonality=True to override this.
INFO:fbprophet:Disabling yearly seasonality. Run prophet with yearly_seasonality=True to override this.
INFO:fbprophet:Disabling weekly seasonality. Run prophet with weekly_seasonality=True to override this.
INFO:fbprophet:Disabling daily seasonality. Run prophet with daily_seasonality=True to override this.
INFO:fbprophet:Disabling daily seasonality. Run prophet with daily_seasonality=True to override this.
INFO:fbprophet:Disabling daily seasonality. Run prophet with daily_seasonality=True to override this.
INFO:fbprophet:Disabling yearly seasonality. Run prophet with yearly_seasonality=True to override this.
INFO:fbprophet:Disabling weekly seasonality. Run prophet with weekly_seasonality=True to override this.
INFO:fbprophet:Disabling daily seasonality. Run prophet with daily_seasonality=True to override this.
INFO:fbprophet:Disabling yearly seasonality. Run prophet with yearly_seasonality=True to override this.
INFO:fbprophet:Disabling weekly seasonality. Run prophet with weekly_seasonality=True to override this.
INFO:fbprophet:Disabling daily seasonality. Run prophet with daily_seasonality=True to override this.
INFO:fbprophet:Disabling daily seasonality. Run prophet with daily_seasonality=True to override this.
INFO:fbprophet:Disabling daily seasonality. Run prophet with daily_seasonality=True to override this.
INFO:fbprophet:Disabling yearly seasonality. Run prophet with yearly_seasonality=True to override this.
INFO:fbprophet:Disabling weekly seasonality. Run prophet with weekly_seasonality=True to override this.
INFO:fbprophet:Disabling daily seasonality. Run prophet with daily_seasonality=True to override this.
INFO:fbprophet:Disabling yearly seasonality. Run prophet with yearly_seasonality=True to override this.
INFO:fbprophet:Disabling weekly seasonality. Run prophet with weekly_seasonality=True to override this.
INFO:fbprophet:Disabling daily seasonality. Run prophet with daily_seasonality=True to override this.
INFO:fbprophet:Disabling yearly seasonality. Run prophet with yearly_seasonality=True to override this.
INFO:fbprophet:Disabling weekly seasonality. Run prophet with weekly_seasonality=True to override this.
INFO:fbprophet:Disabling daily seasonality. Run prophet with daily_seasonality=True to override this.
INFO:fbprophet:Disabling yearly seasonality. Run prophet with yearly_seasonality=True to override this.
INFO:fbprophet:Disabling yearly seasonality. Run prophet with yearly_seasonality=True to override this.
WARNING:py.warnings:c:\VALI\Programs\Miniconda3\envs\myenv\lib\site-packages\statsmodels\graphics\tsaplots.py:348: FutureWarning: The default method 'yw' can produce PACF values outside of the [-1,1] interval. After 0.13, the default will change tounadjusted Yule-Walker ('ywm'). You can use this method now by setting method='ywm'.
  warnings.warn(

INFO:fbprophet:Disabling daily seasonality. Run prophet with daily_seasonality=True to override this.
WARNING:py.warnings:c:\VALI\Programs\Miniconda3\envs\myenv\lib\site-packages\fbprophet\forecaster.py:891: FutureWarning: The frame.append method is deprecated and will be removed from pandas in a future version. Use pandas.concat instead.
  components = components.append(new_comp)

WARNING:py.warnings:c:\VALI\Programs\Miniconda3\envs\myenv\lib\site-packages\fbprophet\forecaster.py:891: FutureWarning: The frame.append method is deprecated and will be removed from pandas in a future version. Use pandas.concat instead.
  components = components.append(new_comp)

WARNING:py.warnings:c:\VALI\Programs\Miniconda3\envs\myenv\lib\site-packages\fbprophet\forecaster.py:891: FutureWarning: The frame.append method is deprecated and will be removed from pandas in a future version. Use pandas.concat instead.
  components = components.append(new_comp)

INFO:fbprophet:Disabling daily seasonality. Run prophet with daily_seasonality=True to override this.
WARNING:py.warnings:c:\VALI\Programs\Miniconda3\envs\myenv\lib\site-packages\fbprophet\forecaster.py:891: FutureWarning: The frame.append method is deprecated and will be removed from pandas in a future version. Use pandas.concat instead.
  components = components.append(new_comp)

WARNING:py.warnings:c:\VALI\Programs\Miniconda3\envs\myenv\lib\site-packages\fbprophet\forecaster.py:891: FutureWarning: The frame.append method is deprecated and will be removed from pandas in a future version. Use pandas.concat instead.
  components = components.append(new_comp)

WARNING:py.warnings:c:\VALI\Programs\Miniconda3\envs\myenv\lib\site-packages\fbprophet\forecaster.py:891: FutureWarning: The frame.append method is deprecated and will be removed from pandas in a future version. Use pandas.concat instead.
  components = components.append(new_comp)

WARNING:py.warnings:c:\VALI\Programs\Miniconda3\envs\myenv\lib\site-packages\fbprophet\forecaster.py:891: FutureWarning: The frame.append method is deprecated and will be removed from pandas in a future version. Use pandas.concat instead.
  components = components.append(new_comp)

WARNING:py.warnings:c:\VALI\Programs\Miniconda3\envs\myenv\lib\site-packages\fbprophet\forecaster.py:891: FutureWarning: The frame.append method is deprecated and will be removed from pandas in a future version. Use pandas.concat instead.
  components = components.append(new_comp)

WARNING:py.warnings:c:\VALI\Programs\Miniconda3\envs\myenv\lib\site-packages\statsmodels\graphics\tsaplots.py:348: FutureWarning: The default method 'yw' can produce PACF values outside of the [-1,1] interval. After 0.13, the default will change tounadjusted Yule-Walker ('ywm'). You can use this method now by setting method='ywm'.
  warnings.warn(

INFO:fbprophet:Disabling daily seasonality. Run prophet with daily_seasonality=True to override this.
WARNING:py.warnings:c:\VALI\Programs\Miniconda3\envs\myenv\lib\site-packages\fbprophet\forecaster.py:891: FutureWarning: The frame.append method is deprecated and will be removed from pandas in a future version. Use pandas.concat instead.
  components = components.append(new_comp)

WARNING:py.warnings:c:\VALI\Programs\Miniconda3\envs\myenv\lib\site-packages\fbprophet\forecaster.py:891: FutureWarning: The frame.append method is deprecated and will be removed from pandas in a future version. Use pandas.concat instead.
  components = components.append(new_comp)

WARNING:py.warnings:c:\VALI\Programs\Miniconda3\envs\myenv\lib\site-packages\fbprophet\forecaster.py:891: FutureWarning: The frame.append method is deprecated and will be removed from pandas in a future version. Use pandas.concat instead.
  components = components.append(new_comp)

INFO:fbprophet:Disabling daily seasonality. Run prophet with daily_seasonality=True to override this.
WARNING:py.warnings:c:\VALI\Programs\Miniconda3\envs\myenv\lib\site-packages\fbprophet\forecaster.py:891: FutureWarning: The frame.append method is deprecated and will be removed from pandas in a future version. Use pandas.concat instead.
  components = components.append(new_comp)

WARNING:py.warnings:c:\VALI\Programs\Miniconda3\envs\myenv\lib\site-packages\fbprophet\forecaster.py:891: FutureWarning: The frame.append method is deprecated and will be removed from pandas in a future version. Use pandas.concat instead.
  components = components.append(new_comp)

WARNING:py.warnings:c:\VALI\Programs\Miniconda3\envs\myenv\lib\site-packages\fbprophet\forecaster.py:891: FutureWarning: The frame.append method is deprecated and will be removed from pandas in a future version. Use pandas.concat instead.
  components = components.append(new_comp)

WARNING:py.warnings:c:\VALI\Programs\Miniconda3\envs\myenv\lib\site-packages\fbprophet\forecaster.py:891: FutureWarning: The frame.append method is deprecated and will be removed from pandas in a future version. Use pandas.concat instead.
  components = components.append(new_comp)

WARNING:py.warnings:c:\VALI\Programs\Miniconda3\envs\myenv\lib\site-packages\fbprophet\forecaster.py:891: FutureWarning: The frame.append method is deprecated and will be removed from pandas in a future version. Use pandas.concat instead.
  components = components.append(new_comp)

WARNING:py.warnings:c:\VALI\Programs\Miniconda3\envs\myenv\lib\site-packages\statsmodels\graphics\tsaplots.py:348: FutureWarning: The default method 'yw' can produce PACF values outside of the [-1,1] interval. After 0.13, the default will change tounadjusted Yule-Walker ('ywm'). You can use this method now by setting method='ywm'.
  warnings.warn(

INFO:fbprophet:Disabling daily seasonality. Run prophet with daily_seasonality=True to override this.
WARNING:py.warnings:c:\VALI\Programs\Miniconda3\envs\myenv\lib\site-packages\fbprophet\forecaster.py:891: FutureWarning: The frame.append method is deprecated and will be removed from pandas in a future version. Use pandas.concat instead.
  components = components.append(new_comp)

WARNING:py.warnings:c:\VALI\Programs\Miniconda3\envs\myenv\lib\site-packages\fbprophet\forecaster.py:891: FutureWarning: The frame.append method is deprecated and will be removed from pandas in a future version. Use pandas.concat instead.
  components = components.append(new_comp)

WARNING:py.warnings:c:\VALI\Programs\Miniconda3\envs\myenv\lib\site-packages\fbprophet\forecaster.py:891: FutureWarning: The frame.append method is deprecated and will be removed from pandas in a future version. Use pandas.concat instead.
  components = components.append(new_comp)

INFO:fbprophet:Disabling daily seasonality. Run prophet with daily_seasonality=True to override this.
WARNING:py.warnings:c:\VALI\Programs\Miniconda3\envs\myenv\lib\site-packages\fbprophet\forecaster.py:891: FutureWarning: The frame.append method is deprecated and will be removed from pandas in a future version. Use pandas.concat instead.
  components = components.append(new_comp)

WARNING:py.warnings:c:\VALI\Programs\Miniconda3\envs\myenv\lib\site-packages\fbprophet\forecaster.py:891: FutureWarning: The frame.append method is deprecated and will be removed from pandas in a future version. Use pandas.concat instead.
  components = components.append(new_comp)

WARNING:py.warnings:c:\VALI\Programs\Miniconda3\envs\myenv\lib\site-packages\fbprophet\forecaster.py:891: FutureWarning: The frame.append method is deprecated and will be removed from pandas in a future version. Use pandas.concat instead.
  components = components.append(new_comp)

WARNING:py.warnings:c:\VALI\Programs\Miniconda3\envs\myenv\lib\site-packages\fbprophet\forecaster.py:891: FutureWarning: The frame.append method is deprecated and will be removed from pandas in a future version. Use pandas.concat instead.
  components = components.append(new_comp)

WARNING:py.warnings:c:\VALI\Programs\Miniconda3\envs\myenv\lib\site-packages\fbprophet\forecaster.py:891: FutureWarning: The frame.append method is deprecated and will be removed from pandas in a future version. Use pandas.concat instead.
  components = components.append(new_comp)

INFO:fbprophet:Disabling yearly seasonality. Run prophet with yearly_seasonality=True to override this.
INFO:fbprophet:Disabling yearly seasonality. Run prophet with yearly_seasonality=True to override this.
INFO:fbprophet:Disabling yearly seasonality. Run prophet with yearly_seasonality=True to override this.
INFO:fbprophet:Disabling weekly seasonality. Run prophet with weekly_seasonality=True to override this.
INFO:fbprophet:Disabling daily seasonality. Run prophet with daily_seasonality=True to override this.
INFO:fbprophet:Disabling yearly seasonality. Run prophet with yearly_seasonality=True to override this.
INFO:fbprophet:Disabling weekly seasonality. Run prophet with weekly_seasonality=True to override this.
INFO:fbprophet:Disabling daily seasonality. Run prophet with daily_seasonality=True to override this.
INFO:fbprophet:Disabling yearly seasonality. Run prophet with yearly_seasonality=True to override this.
INFO:fbprophet:Disabling yearly seasonality. Run prophet with yearly_seasonality=True to override this.
INFO:fbprophet:Disabling yearly seasonality. Run prophet with yearly_seasonality=True to override this.
INFO:fbprophet:Disabling weekly seasonality. Run prophet with weekly_seasonality=True to override this.
INFO:fbprophet:Disabling daily seasonality. Run prophet with daily_seasonality=True to override this.
INFO:fbprophet:Disabling yearly seasonality. Run prophet with yearly_seasonality=True to override this.
INFO:fbprophet:Disabling weekly seasonality. Run prophet with weekly_seasonality=True to override this.
INFO:fbprophet:Disabling daily seasonality. Run prophet with daily_seasonality=True to override this.
INFO:fbprophet:Disabling yearly seasonality. Run prophet with yearly_seasonality=True to override this.
INFO:fbprophet:Disabling weekly seasonality. Run prophet with weekly_seasonality=True to override this.
INFO:fbprophet:Disabling daily seasonality. Run prophet with daily_seasonality=True to override this.
INFO:fbprophet:Disabling yearly seasonality. Run prophet with yearly_seasonality=True to override this.
INFO:fbprophet:Disabling weekly seasonality. Run prophet with weekly_seasonality=True to override this.
INFO:fbprophet:Disabling daily seasonality. Run prophet with daily_seasonality=True to override this.
INFO:fbprophet:Disabling yearly seasonality. Run prophet with yearly_seasonality=True to override this.
INFO:fbprophet:Disabling weekly seasonality. Run prophet with weekly_seasonality=True to override this.
INFO:fbprophet:Disabling daily seasonality. Run prophet with daily_seasonality=True to override this.
INFO:fbprophet:Disabling yearly seasonality. Run prophet with yearly_seasonality=True to override this.
INFO:fbprophet:Disabling yearly seasonality. Run prophet with yearly_seasonality=True to override this.
INFO:fbprophet:Disabling yearly seasonality. Run prophet with yearly_seasonality=True to override this.
INFO:fbprophet:Disabling weekly seasonality. Run prophet with weekly_seasonality=True to override this.
INFO:fbprophet:Disabling daily seasonality. Run prophet with daily_seasonality=True to override this.
INFO:fbprophet:Disabling yearly seasonality. Run prophet with yearly_seasonality=True to override this.
INFO:fbprophet:Disabling weekly seasonality. Run prophet with weekly_seasonality=True to override this.
INFO:fbprophet:Disabling daily seasonality. Run prophet with daily_seasonality=True to override this.
INFO:fbprophet:Disabling yearly seasonality. Run prophet with yearly_seasonality=True to override this.
INFO:fbprophet:Disabling weekly seasonality. Run prophet with weekly_seasonality=True to override this.
INFO:fbprophet:Disabling daily seasonality. Run prophet with daily_seasonality=True to override this.
INFO:fbprophet:Disabling yearly seasonality. Run prophet with yearly_seasonality=True to override this.
INFO:fbprophet:Disabling weekly seasonality. Run prophet with weekly_seasonality=True to override this.
INFO:fbprophet:Disabling daily seasonality. Run prophet with daily_seasonality=True to override this.
INFO:fbprophet:Disabling yearly seasonality. Run prophet with yearly_seasonality=True to override this.
INFO:fbprophet:Disabling weekly seasonality. Run prophet with weekly_seasonality=True to override this.
INFO:fbprophet:Disabling daily seasonality. Run prophet with daily_seasonality=True to override this.
INFO:fbprophet:Disabling yearly seasonality. Run prophet with yearly_seasonality=True to override this.
INFO:fbprophet:Disabling weekly seasonality. Run prophet with weekly_seasonality=True to override this.
INFO:fbprophet:Disabling daily seasonality. Run prophet with daily_seasonality=True to override this.
INFO:fbprophet:Disabling yearly seasonality. Run prophet with yearly_seasonality=True to override this.
INFO:fbprophet:Disabling weekly seasonality. Run prophet with weekly_seasonality=True to override this.
INFO:fbprophet:Disabling daily seasonality. Run prophet with daily_seasonality=True to override this.
INFO:fbprophet:Disabling yearly seasonality. Run prophet with yearly_seasonality=True to override this.
INFO:fbprophet:Disabling weekly seasonality. Run prophet with weekly_seasonality=True to override this.
INFO:fbprophet:Disabling daily seasonality. Run prophet with daily_seasonality=True to override this.
